<?xml version="1.0" encoding="UTF-8"?>
<testsuite xmlns:xsi="http://www.w3.org/2001/XMLSchema-instance" xsi:noNamespaceSchemaLocation="https://maven.apache.org/surefire/maven-surefire-plugin/xsd/surefire-test-report-3.0.xsd" version="3.0" name="StepDefinations.TestRunner" time="3.737" tests="1" errors="0" skipped="0" failures="1">
  <properties>
[...]
</properties>
  <testcase name="Create a new deal" classname="Create Deal functionality" time="3.051">
    <failure message="expected:&lt;[#1 Free CRM Software Power Up your Entire Business Free Forever]&gt; but was:&lt;[Free CRM Software - Customer Relationship Management]&gt;" type="org.junit.ComparisonFailure"><![CDATA[org.junit.ComparisonFailure: expected:<[#1 Free CRM Software Power Up your Entire Business Free Forever]> but was:<[Free CRM Software - Customer Relationship Management]>
	at org.junit.Assert.assertEquals(Assert.java:117)
	at org.junit.Assert.assertEquals(Assert.java:146)
	at StepDefinations.loginSteps.verify_page_titie(loginSteps.java:47)
	at ✽.Title of login page is Login CRM(file:///C:/Users/bikra/OneDrive/Documents/GitProject/cucumberTest/CucumberJava/src/test/resources/Feature/deals.feature:6)
]]></failure>
    <system-out><![CDATA[
@instance_1
Scenario: Create a new deal                          # src/test/resources/Feature/deals.feature:4
  Given User login to the CRM page                   # StepDefinations.loginSteps.user_is_already_login_page()
  When Title of login page is Login CRM              # StepDefinations.loginSteps.verify_page_titie()
      org.junit.ComparisonFailure: expected:<[#1 Free CRM Software Power Up your Entire Business Free Forever]> but was:<[Free CRM Software - Customer Relationship Management]>
	at org.junit.Assert.assertEquals(Assert.java:117)
	at org.junit.Assert.assertEquals(Assert.java:146)
	at StepDefinations.loginSteps.verify_page_titie(loginSteps.java:47)
	at âœ½.Title of login page is Login CRM(file:///C:/Users/bikra/OneDrive/Documents/GitProject/cucumberTest/CucumberJava/src/test/resources/Feature/deals.feature:6)

  Then User enter username and User enter password   # StepDefinations.loginSteps.user_enter_username_and_user_enrer_password(io.cucumber.datatable.DataTable)
    | username                   | password  |
    | bikramadityadas1@gmail.com | Test@1234 |
  Then User click on Login button                    # StepDefinations.loginSteps.user_click_login()
  Then User is on Homepage                           # StepDefinations.loginSteps.user_on_homepage()
  Then User move to deal page and create a new deals # StepDefinations.dealsStep.user_click_on_add_contact_and_enter_and(io.cucumber.datatable.DataTable)
    | title  | probability | amount | commission |
    | Deal06 | 10          | 100    | 200        |
    | Deal07 | 20          | 200    | 400        |
    | Deal08 | 30          | 300    | 600        |
  Then Close the browser
]]></system-out>
  </testcase>
</testsuite>