<?xml version="1.0" encoding="UTF-8"?>
<testsuite name="Cucumber" time="5.332" tests="1" skipped="0" failures="0" errors="0">
<testcase classname="API Testing using Cucumber and REST Assured" name="Validate the PUT request" time="5.16">
<system-out><![CDATA[
Given the API endpoint is "http://localhost:3000/users".....................passed
When I send a PUT request with the following data...........................passed
Then the response status code should be 201.................................passed
And response should contain.................................................passed
]]></system-out>
</testcase>
</testsuite>
